<?xml version='1.0' encoding='UTF-8'?>
<testsuite hostname="xuankentay" name="objsets.TweetSetSuite" tests="7" errors="0" failures="0" skipped="0" time="0.093" timestamp="2020-02-28T20:31:35">
                     <properties>
      <property name="jline.esc.timeout" value="0"/><property name="jna.platform.library.path" value="/usr/lib/x86_64-linux-gnu:/lib/x86_64-linux-gnu:/lib64:/usr/lib:/lib:/usr/lib/x86_64-linux-gnu/libfakeroot"/><property name="java.runtime.name" value="OpenJDK Runtime Environment"/><property name="sun.boot.library.path" value="/opt/android-studio/jre/jre/lib/amd64"/><property name="java.vm.version" value="25.202-b49-5587405"/><property name="java.vm.vendor" value="JetBrains s.r.o"/><property name="java.vendor.url" value="https://www.jetbrains.com/"/><property name="path.separator" value=":"/><property name="jna.loaded" value="true"/><property name="java.vm.name" value="OpenJDK 64-Bit Server VM"/><property name="file.encoding.pkg" value="sun.io"/><property name="user.country" value="US"/><property name="sun.java.launcher" value="SUN_STANDARD"/><property name="sun.os.patch.level" value="unknown"/><property name="jna.nosys" value="true"/><property name="java.vm.specification.name" value="Java Virtual Machine Specification"/><property name="user.dir" value="/home/xuankentay/Downloads/objsets"/><property name="java.runtime.version" value="1.8.0_202-release-1483-b49-5587405"/><property name="java.awt.graphicsenv" value="sun.awt.X11GraphicsEnvironment"/><property name="idea.managed" value="true"/><property name="java.endorsed.dirs" value="/opt/android-studio/jre/jre/lib/endorsed"/><property name="os.arch" value="amd64"/><property name="java.io.tmpdir" value="/tmp"/><property name="line.separator" value="
"/><property name="java.vm.specification.vendor" value="Oracle Corporation"/><property name="os.name" value="Linux"/><property name="sun.jnu.encoding" value="UTF-8"/><property name="jnidispatch.path" value="/tmp/jna-424462658/jna6811529291977274202.tmp"/><property name="java.library.path" value="/usr/java/packages/lib/amd64:/usr/lib64:/lib64:/lib:/usr/lib"/><property name="java.specification.name" value="Java Platform API Specification"/><property name="java.class.version" value="52.0"/><property name="sun.management.compiler" value="HotSpot 64-Bit Tiered Compilers"/><property name="os.version" value="5.0.0-37-generic"/><property name="user.home" value="/home/xuankentay"/><property name="user.timezone" value="Australia/Sydney"/><property name="java.awt.printerjob" value="sun.print.PSPrinterJob"/><property name="file.encoding" value="UTF-8"/><property name="java.specification.version" value="1.8"/><property name="java.class.path" value="/home/xuankentay/.IdeaIC2019.3/config/plugins/Scala/launcher/sbt-launch.jar"/><property name="user.name" value="xuankentay"/><property name="jline.shutdownhook" value="false"/><property name="java.vm.specification.version" value="1.8"/><property name="sun.java.command" value="/home/xuankentay/.IdeaIC2019.3/config/plugins/Scala/launcher/sbt-launch.jar early(addPluginSbtFile=&quot;&quot;&quot;/tmp/idea1.sbt&quot;&quot;&quot;) ; set ideaPort in Global := 39987 ; idea-shell"/><property name="java.home" value="/opt/android-studio/jre/jre"/><property name="sun.arch.data.model" value="64"/><property name="user.language" value="en"/><property name="java.specification.vendor" value="Oracle Corporation"/><property name="awt.toolkit" value="sun.awt.X11.XToolkit"/><property name="java.vm.info" value="mixed mode"/><property name="java.version" value="1.8.0_202-release"/><property name="java.ext.dirs" value="/opt/android-studio/jre/jre/lib/ext:/usr/java/packages/lib/ext"/><property name="sun.boot.class.path" value="/opt/android-studio/jre/jre/lib/resources.jar:/opt/android-studio/jre/jre/lib/rt.jar:/opt/android-studio/jre/jre/lib/sunrsasign.jar:/opt/android-studio/jre/jre/lib/jsse.jar:/opt/android-studio/jre/jre/lib/jce.jar:/opt/android-studio/jre/jre/lib/charsets.jar:/opt/android-studio/jre/jre/lib/jfr.jar:/opt/android-studio/jre/jre/classes"/><property name="java.vendor" value="JetBrains s.r.o"/><property name="file.separator" value="/"/><property name="java.vendor.url.bug" value="https://youtrack.jetbrains.com"/><property name="sbt.supershell" value="false"/><property name="sun.io.unicode.encoding" value="UnicodeLittle"/><property name="sun.cpu.endian" value="little"/><property name="sun.desktop" value="gnome"/><property name="sun.cpu.isalist" value=""/>
    </properties>
                     <testcase classname="objsets.TweetSetSuite" name="filter: a on set5" time="0.085">
                                                 
                                               </testcase><testcase classname="objsets.TweetSetSuite" name="filter: on empty set" time="0.002">
                                                 
                                               </testcase><testcase classname="objsets.TweetSetSuite" name="union: set4c and set4d" time="0.002">
                                                 
                                               </testcase><testcase classname="objsets.TweetSetSuite" name="descending: set5" time="0.001">
                                                 
                                               </testcase><testcase classname="objsets.TweetSetSuite" name="union: with empty set1" time="0.001">
                                                 
                                               </testcase><testcase classname="objsets.TweetSetSuite" name="union: with empty set2" time="0.001">
                                                 
                                               </testcase><testcase classname="objsets.TweetSetSuite" name="filter: twenty on set5" time="0.001">
                                                 
                                               </testcase>
                     <system-out><![CDATA[]]></system-out>
                     <system-err><![CDATA[]]></system-err>
                   </testsuite>